TN:
SF:src\components\UserInfo.vue
FN:34,onLogout
FNF:1
FNH:0
FNDA:0,onLogout
DA:1,1
DA:2,1
DA:3,1
DA:4,1
DA:5,1
DA:6,1
DA:7,1
DA:8,1
DA:9,1
DA:10,1
DA:11,1
DA:12,1
DA:13,1
DA:14,1
DA:15,1
DA:16,1
DA:17,1
DA:18,1
DA:19,1
DA:20,1
DA:21,1
DA:22,1
DA:23,1
DA:24,1
DA:25,1
DA:26,1
DA:27,1
DA:28,1
DA:29,1
DA:30,1
DA:31,1
DA:32,1
DA:33,1
DA:34,0
DA:35,0
DA:36,0
DA:37,1
LF:37
LH:34
BRDA:5,0,0,1
BRDA:6,1,0,1
BRDA:6,2,0,1
BRDA:6,3,0,0
BRDA:7,4,0,0
BRDA:12,5,0,3
BRDA:13,6,0,3
BRF:7
BRH:5
end_of_record
TN:
SF:src\services\constants.ts
FNF:0
FNH:0
DA:1,1
DA:2,1
DA:3,1
DA:4,1
DA:5,1
DA:6,1
DA:7,1
DA:8,1
DA:9,1
DA:10,1
DA:11,1
DA:12,1
DA:13,1
DA:14,1
DA:15,1
DA:16,1
DA:17,1
DA:18,1
DA:19,1
DA:20,1
DA:21,1
DA:22,1
DA:23,1
DA:24,1
LF:24
LH:24
BRDA:1,0,0,1
BRDA:7,1,0,1
BRDA:15,2,0,1
BRDA:21,3,0,1
BRF:4
BRH:4
end_of_record
TN:
SF:src\services\util.ts
FN:1,delay
FNF:1
FNH:1
FNDA:1,delay
DA:1,1
DA:2,1
DA:3,1
DA:4,1
DA:5,1
LF:5
LH:5
BRDA:1,0,0,1
BRDA:2,1,0,1
BRF:2
BRH:2
end_of_record
TN:
SF:src\stores\user-store.ts
FN:26,setUser
FN:37,clearUser
FNF:2
FNH:1
FNDA:1,setUser
FNDA:0,clearUser
DA:1,1
DA:2,1
DA:3,1
DA:4,1
DA:5,1
DA:6,1
DA:7,1
DA:8,1
DA:9,1
DA:10,1
DA:11,1
DA:12,1
DA:13,1
DA:14,1
DA:15,1
DA:16,1
DA:17,1
DA:18,1
DA:19,1
DA:20,1
DA:21,1
DA:22,1
DA:23,1
DA:24,1
DA:25,1
DA:26,1
DA:27,1
DA:28,1
DA:29,1
DA:30,1
DA:31,1
DA:32,1
DA:33,1
DA:34,1
DA:35,1
DA:36,1
DA:37,1
DA:38,0
DA:39,0
DA:40,0
DA:41,0
DA:42,0
DA:43,1
DA:44,1
DA:45,1
LF:45
LH:40
BRDA:14,0,0,1
BRDA:20,1,0,2
BRDA:24,2,0,3
BRDA:26,3,0,1
BRF:4
BRH:4
end_of_record
