TN:
SF:src\components\UserInfo.vue
FN:28,onLogout
FNF:1
FNH:0
FNDA:0,onLogout
DA:1,1
DA:2,1
DA:3,1
DA:4,1
DA:5,1
DA:6,1
DA:7,1
DA:8,1
DA:9,1
DA:10,1
DA:11,1
DA:12,1
DA:13,1
DA:14,1
DA:15,1
DA:16,1
DA:17,1
DA:18,1
DA:19,1
DA:20,1
DA:21,1
DA:22,1
DA:23,1
DA:24,1
DA:25,1
DA:26,1
DA:27,1
DA:28,0
DA:29,0
DA:30,0
DA:31,1
LF:31
LH:28
BRDA:5,0,0,1
BRDA:6,1,0,1
BRDA:6,2,0,1
BRDA:6,3,0,0
BRDA:11,4,0,1
BRDA:12,5,0,4
BRF:6
BRH:5
end_of_record
TN:
SF:src\services\constants.ts
FNF:0
FNH:0
DA:1,1
DA:2,1
DA:3,1
DA:4,1
DA:5,1
DA:6,1
LF:6
LH:6
BRDA:1,0,0,1
BRF:1
BRH:1
end_of_record
TN:
SF:src\services\util.ts
FN:1,delay
FNF:1
FNH:1
FNDA:1,delay
DA:1,1
DA:2,1
DA:3,1
DA:4,1
DA:5,1
LF:5
LH:5
BRDA:1,0,0,1
BRDA:2,1,0,1
BRF:2
BRH:2
end_of_record
TN:
SF:src\stores\user-store.ts
FN:22,setUser
FN:32,clearUser
FNF:2
FNH:1
FNDA:1,setUser
FNDA:0,clearUser
DA:1,1
DA:2,1
DA:3,1
DA:4,1
DA:5,1
DA:6,1
DA:7,1
DA:8,1
DA:9,1
DA:10,1
DA:11,1
DA:12,1
DA:13,1
DA:14,1
DA:15,1
DA:16,1
DA:17,1
DA:18,1
DA:19,1
DA:20,1
DA:21,1
DA:22,1
DA:23,1
DA:24,1
DA:25,1
DA:26,1
DA:27,1
DA:28,1
DA:29,1
DA:30,1
DA:31,1
DA:32,1
DA:33,0
DA:34,0
DA:35,0
DA:36,0
DA:37,0
DA:38,1
DA:39,1
DA:40,1
LF:40
LH:35
BRDA:13,0,0,1
BRDA:19,1,0,2
BRDA:20,2,0,3
BRDA:22,3,0,1
BRF:4
BRH:4
end_of_record
